  dibutil.cxx
  drawing.cxx
C:\Users\VIKAS RAO\Desktop\Projects\CGV\CGV mini project (RSA)\drawing.cxx(576,9): warning C4101: 'tries': unreferenced local variable
C:\Users\VIKAS RAO\Desktop\Projects\CGV\CGV mini project (RSA)\drawing.cxx(610,10): warning C4101: 'answer': unreferenced local variable
C:\Users\VIKAS RAO\Desktop\Projects\CGV\CGV mini project (RSA)\drawing.cxx(831,6): warning C4996: 'strcat': This function or variable may be unsafe. Consider using strcat_s instead. To disable deprecation, use _CRT_SECURE_NO_WARNINGS. See online help for details.
  file.cxx
  misc.cxx
C:\Users\VIKAS RAO\Desktop\Projects\CGV\CGV mini project (RSA)\misc.cxx(415,39): warning C4838: conversion from 'int' to 'unsigned short' requires a narrowing conversion
C:\Users\VIKAS RAO\Desktop\Projects\CGV\CGV mini project (RSA)\misc.cxx(415,46): warning C4838: conversion from 'int' to 'unsigned short' requires a narrowing conversion
C:\Users\VIKAS RAO\Desktop\Projects\CGV\CGV mini project (RSA)\misc.cxx(415,53): warning C4838: conversion from 'int' to 'unsigned short' requires a narrowing conversion
C:\Users\VIKAS RAO\Desktop\Projects\CGV\CGV mini project (RSA)\misc.cxx(415,60): warning C4838: conversion from 'int' to 'unsigned short' requires a narrowing conversion
C:\Users\VIKAS RAO\Desktop\Projects\CGV\CGV mini project (RSA)\misc.cxx(415,67): warning C4838: conversion from 'int' to 'unsigned short' requires a narrowing conversion
C:\Users\VIKAS RAO\Desktop\Projects\CGV\CGV mini project (RSA)\misc.cxx(415,74): warning C4838: conversion from 'int' to 'unsigned short' requires a narrowing conversion
C:\Users\VIKAS RAO\Desktop\Projects\CGV\CGV mini project (RSA)\misc.cxx(415,81): warning C4838: conversion from 'int' to 'unsigned short' requires a narrowing conversion
C:\Users\VIKAS RAO\Desktop\Projects\CGV\CGV mini project (RSA)\misc.cxx(415,88): warning C4838: conversion from 'int' to 'unsigned short' requires a narrowing conversion
C:\Users\VIKAS RAO\Desktop\Projects\CGV\CGV mini project (RSA)\misc.cxx(416,39): warning C4838: conversion from 'int' to 'unsigned short' requires a narrowing conversion
C:\Users\VIKAS RAO\Desktop\Projects\CGV\CGV mini project (RSA)\misc.cxx(416,46): warning C4838: conversion from 'int' to 'unsigned short' requires a narrowing conversion
C:\Users\VIKAS RAO\Desktop\Projects\CGV\CGV mini project (RSA)\misc.cxx(416,53): warning C4838: conversion from 'int' to 'unsigned short' requires a narrowing conversion
C:\Users\VIKAS RAO\Desktop\Projects\CGV\CGV mini project (RSA)\misc.cxx(416,60): warning C4838: conversion from 'int' to 'unsigned short' requires a narrowing conversion
C:\Users\VIKAS RAO\Desktop\Projects\CGV\CGV mini project (RSA)\misc.cxx(416,67): warning C4838: conversion from 'int' to 'unsigned short' requires a narrowing conversion
C:\Users\VIKAS RAO\Desktop\Projects\CGV\CGV mini project (RSA)\misc.cxx(416,74): warning C4838: conversion from 'int' to 'unsigned short' requires a narrowing conversion
C:\Users\VIKAS RAO\Desktop\Projects\CGV\CGV mini project (RSA)\misc.cxx(416,81): warning C4838: conversion from 'int' to 'unsigned short' requires a narrowing conversion
C:\Users\VIKAS RAO\Desktop\Projects\CGV\CGV mini project (RSA)\misc.cxx(416,88): warning C4838: conversion from 'int' to 'unsigned short' requires a narrowing conversion
C:\Users\VIKAS RAO\Desktop\Projects\CGV\CGV mini project (RSA)\misc.cxx(417,39): warning C4838: conversion from 'int' to 'unsigned short' requires a narrowing conversion
C:\Users\VIKAS RAO\Desktop\Projects\CGV\CGV mini project (RSA)\misc.cxx(417,46): warning C4838: conversion from 'int' to 'unsigned short' requires a narrowing conversion
C:\Users\VIKAS RAO\Desktop\Projects\CGV\CGV mini project (RSA)\misc.cxx(417,53): warning C4838: conversion from 'int' to 'unsigned short' requires a narrowing conversion
C:\Users\VIKAS RAO\Desktop\Projects\CGV\CGV mini project (RSA)\misc.cxx(417,60): warning C4838: conversion from 'int' to 'unsigned short' requires a narrowing conversion
C:\Users\VIKAS RAO\Desktop\Projects\CGV\CGV mini project (RSA)\misc.cxx(417,67): warning C4838: conversion from 'int' to 'unsigned short' requires a narrowing conversion
C:\Users\VIKAS RAO\Desktop\Projects\CGV\CGV mini project (RSA)\misc.cxx(417,74): warning C4838: conversion from 'int' to 'unsigned short' requires a narrowing conversion
C:\Users\VIKAS RAO\Desktop\Projects\CGV\CGV mini project (RSA)\misc.cxx(417,81): warning C4838: conversion from 'int' to 'unsigned short' requires a narrowing conversion
C:\Users\VIKAS RAO\Desktop\Projects\CGV\CGV mini project (RSA)\misc.cxx(417,88): warning C4838: conversion from 'int' to 'unsigned short' requires a narrowing conversion
C:\Users\VIKAS RAO\Desktop\Projects\CGV\CGV mini project (RSA)\misc.cxx(418,39): warning C4838: conversion from 'int' to 'unsigned short' requires a narrowing conversion
C:\Users\VIKAS RAO\Desktop\Projects\CGV\CGV mini project (RSA)\misc.cxx(418,46): warning C4838: conversion from 'int' to 'unsigned short' requires a narrowing conversion
C:\Users\VIKAS RAO\Desktop\Projects\CGV\CGV mini project (RSA)\misc.cxx(418,53): warning C4838: conversion from 'int' to 'unsigned short' requires a narrowing conversion
C:\Users\VIKAS RAO\Desktop\Projects\CGV\CGV mini project (RSA)\misc.cxx(418,60): warning C4838: conversion from 'int' to 'unsigned short' requires a narrowing conversion
C:\Users\VIKAS RAO\Desktop\Projects\CGV\CGV mini project (RSA)\misc.cxx(418,67): warning C4838: conversion from 'int' to 'unsigned short' requires a narrowing conversion
C:\Users\VIKAS RAO\Desktop\Projects\CGV\CGV mini project (RSA)\misc.cxx(418,74): warning C4838: conversion from 'int' to 'unsigned short' requires a narrowing conversion
C:\Users\VIKAS RAO\Desktop\Projects\CGV\CGV mini project (RSA)\misc.cxx(418,81): warning C4838: conversion from 'int' to 'unsigned short' requires a narrowing conversion
C:\Users\VIKAS RAO\Desktop\Projects\CGV\CGV mini project (RSA)\misc.cxx(418,88): warning C4838: conversion from 'int' to 'unsigned short' requires a narrowing conversion
C:\Users\VIKAS RAO\Desktop\Projects\CGV\CGV mini project (RSA)\misc.cxx(419,39): warning C4838: conversion from 'int' to 'unsigned short' requires a narrowing conversion
C:\Users\VIKAS RAO\Desktop\Projects\CGV\CGV mini project (RSA)\misc.cxx(419,46): warning C4838: conversion from 'int' to 'unsigned short' requires a narrowing conversion
C:\Users\VIKAS RAO\Desktop\Projects\CGV\CGV mini project (RSA)\misc.cxx(419,53): warning C4838: conversion from 'int' to 'unsigned short' requires a narrowing conversion
C:\Users\VIKAS RAO\Desktop\Projects\CGV\CGV mini project (RSA)\misc.cxx(419,60): warning C4838: conversion from 'int' to 'unsigned short' requires a narrowing conversion
C:\Users\VIKAS RAO\Desktop\Projects\CGV\CGV mini project (RSA)\misc.cxx(419,67): warning C4838: conversion from 'int' to 'unsigned short' requires a narrowing conversion
C:\Users\VIKAS RAO\Desktop\Projects\CGV\CGV mini project (RSA)\misc.cxx(419,74): warning C4838: conversion from 'int' to 'unsigned short' requires a narrowing conversion
C:\Users\VIKAS RAO\Desktop\Projects\CGV\CGV mini project (RSA)\misc.cxx(419,81): warning C4838: conversion from 'int' to 'unsigned short' requires a narrowing conversion
C:\Users\VIKAS RAO\Desktop\Projects\CGV\CGV mini project (RSA)\misc.cxx(419,88): warning C4838: conversion from 'int' to 'unsigned short' requires a narrowing conversion
  main.cxx
C:\Users\VIKAS RAO\Desktop\Projects\CGV\CGV mini project (RSA)\main.cxx(148,33): warning C4244: 'argument': conversion from 'double' to 'int', possible loss of data
C:\Users\VIKAS RAO\Desktop\Projects\CGV\CGV mini project (RSA)\main.cxx(148,9): warning C4244: 'argument': conversion from 'double' to 'int', possible loss of data
C:\Users\VIKAS RAO\Desktop\Projects\CGV\CGV mini project (RSA)\main.cxx(150,33): warning C4244: 'argument': conversion from 'double' to 'int', possible loss of data
C:\Users\VIKAS RAO\Desktop\Projects\CGV\CGV mini project (RSA)\main.cxx(150,9): warning C4244: 'argument': conversion from 'double' to 'int', possible loss of data
C:\Users\VIKAS RAO\Desktop\Projects\CGV\CGV mini project (RSA)\main.cxx(153,42): warning C4244: 'argument': conversion from 'double' to 'int', possible loss of data
C:\Users\VIKAS RAO\Desktop\Projects\CGV\CGV mini project (RSA)\main.cxx(152,56): warning C4244: 'argument': conversion from 'double' to 'int', possible loss of data
C:\Users\VIKAS RAO\Desktop\Projects\CGV\CGV mini project (RSA)\main.cxx(152,38): warning C4244: 'argument': conversion from 'double' to 'int', possible loss of data
C:\Users\VIKAS RAO\Desktop\Projects\CGV\CGV mini project (RSA)\main.cxx(152,20): warning C4244: 'argument': conversion from 'double' to 'int', possible loss of data
C:\Users\VIKAS RAO\Desktop\Projects\CGV\CGV mini project (RSA)\main.cxx(281,27): warning C4805: '==': unsafe mix of type 'int' and type 'bool' in operation
C:\Users\VIKAS RAO\Desktop\Projects\CGV\CGV mini project (RSA)\main.cxx(300,21): warning C4244: '=': conversion from 'double' to 'int', possible loss of data
C:\Users\VIKAS RAO\Desktop\Projects\CGV\CGV mini project (RSA)\main.cxx(312,17): warning C4244: '=': conversion from 'double' to 'float', possible loss of data
C:\Users\VIKAS RAO\Desktop\Projects\CGV\CGV mini project (RSA)\main.cxx(313,21): warning C4244: '=': conversion from 'float' to 'int', possible loss of data
  Source.cpp
C:\Users\VIKAS RAO\Desktop\Projects\CGV\CGV mini project (RSA)\Source.cpp(11,13): warning C4244: 'argument': conversion from 'time_t' to 'unsigned int', possible loss of data
C:\Users\VIKAS RAO\Desktop\Projects\CGV\CGV mini project (RSA)\Source.cpp(26,13): warning C4244: 'argument': conversion from 'time_t' to 'unsigned int', possible loss of data
C:\Users\VIKAS RAO\Desktop\Projects\CGV\CGV mini project (RSA)\Source.cpp(156,18): warning C4018: '<': signed/unsigned mismatch
C:\Users\VIKAS RAO\Desktop\Projects\CGV\CGV mini project (RSA)\Source.cpp(161,18): warning C4018: '<': signed/unsigned mismatch
C:\Users\VIKAS RAO\Desktop\Projects\CGV\CGV mini project (RSA)\Source.cpp(227,18): warning C4018: '<': signed/unsigned mismatch
C:\Users\VIKAS RAO\Desktop\Projects\CGV\CGV mini project (RSA)\Source.cpp(117,6): warning C4996: 'sprintf': This function or variable may be unsafe. Consider using sprintf_s instead. To disable deprecation, use _CRT_SECURE_NO_WARNINGS. See online help for details.
C:\Users\VIKAS RAO\Desktop\Projects\CGV\CGV mini project (RSA)\Source.cpp(169,4): warning C4996: 'sprintf': This function or variable may be unsafe. Consider using sprintf_s instead. To disable deprecation, use _CRT_SECURE_NO_WARNINGS. See online help for details.
C:\Users\VIKAS RAO\Desktop\Projects\CGV\CGV mini project (RSA)\Source.cpp(170,4): warning C4996: 'sprintf': This function or variable may be unsafe. Consider using sprintf_s instead. To disable deprecation, use _CRT_SECURE_NO_WARNINGS. See online help for details.
C:\Users\VIKAS RAO\Desktop\Projects\CGV\CGV mini project (RSA)\Source.cpp(171,4): warning C4996: 'sprintf': This function or variable may be unsafe. Consider using sprintf_s instead. To disable deprecation, use _CRT_SECURE_NO_WARNINGS. See online help for details.
C:\Users\VIKAS RAO\Desktop\Projects\CGV\CGV mini project (RSA)\Source.cpp(173,4): warning C4996: 'sprintf': This function or variable may be unsafe. Consider using sprintf_s instead. To disable deprecation, use _CRT_SECURE_NO_WARNINGS. See online help for details.
C:\Users\VIKAS RAO\Desktop\Projects\CGV\CGV mini project (RSA)\Source.cpp(174,4): warning C4996: 'sprintf': This function or variable may be unsafe. Consider using sprintf_s instead. To disable deprecation, use _CRT_SECURE_NO_WARNINGS. See online help for details.
C:\Users\VIKAS RAO\Desktop\Projects\CGV\CGV mini project (RSA)\Source.cpp(175,4): warning C4996: 'sprintf': This function or variable may be unsafe. Consider using sprintf_s instead. To disable deprecation, use _CRT_SECURE_NO_WARNINGS. See online help for details.
C:\Users\VIKAS RAO\Desktop\Projects\CGV\CGV mini project (RSA)\Source.cpp(177,4): warning C4996: 'sprintf': This function or variable may be unsafe. Consider using sprintf_s instead. To disable deprecation, use _CRT_SECURE_NO_WARNINGS. See online help for details.
C:\Users\VIKAS RAO\Desktop\Projects\CGV\CGV mini project (RSA)\Source.cpp(178,4): warning C4996: 'sprintf': This function or variable may be unsafe. Consider using sprintf_s instead. To disable deprecation, use _CRT_SECURE_NO_WARNINGS. See online help for details.
C:\Users\VIKAS RAO\Desktop\Projects\CGV\CGV mini project (RSA)\Source.cpp(200,5): warning C4996: 'sprintf': This function or variable may be unsafe. Consider using sprintf_s instead. To disable deprecation, use _CRT_SECURE_NO_WARNINGS. See online help for details.
C:\Users\VIKAS RAO\Desktop\Projects\CGV\CGV mini project (RSA)\Source.cpp(223,5): warning C4996: 'sprintf': This function or variable may be unsafe. Consider using sprintf_s instead. To disable deprecation, use _CRT_SECURE_NO_WARNINGS. See online help for details.
C:\Users\VIKAS RAO\Desktop\Projects\CGV\CGV mini project (RSA)\Source.cpp(81,7): warning C4101: 'gP': unreferenced local variable
C:\Users\VIKAS RAO\Desktop\Projects\CGV\CGV mini project (RSA)\Source.cpp(81,11): warning C4101: 'gQ': unreferenced local variable
  text.cxx
C:\Users\VIKAS RAO\Desktop\Projects\CGV\CGV mini project (RSA)\text.cxx(255,19): warning C4018: '<': signed/unsigned mismatch
  winbgi.cxx
C:\Users\VIKAS RAO\Desktop\Projects\CGV\CGV mini project (RSA)\winbgi.cxx(101,14): warning C4101: 'actual_color': unreferenced local variable
C:\Users\VIKAS RAO\Desktop\Projects\CGV\CGV mini project (RSA)\winbgi.cxx(100,9): warning C4101: 'bgi_color': unreferenced local variable
C:\Users\VIKAS RAO\Desktop\Projects\CGV\CGV mini project (RSA)\winbgi.cxx(309,5): warning C4996: 'sprintf': This function or variable may be unsafe. Consider using sprintf_s instead. To disable deprecation, use _CRT_SECURE_NO_WARNINGS. See online help for details.
  winthread.cxx
C:\Users\VIKAS RAO\Desktop\Projects\CGV\CGV mini project (RSA)\winthread.cxx(254,9): warning C4101: 'i': unreferenced local variable
  Generating Code...
LINK : warning LNK4031: no subsystem specified; CONSOLE assumed
  bgi.vcxproj -> C:\Users\VIKAS RAO\Desktop\Projects\CGV\CGV mini project (RSA)\Debug\bgi.exe
