c:\users\vikas rao\desktop\cgv mini project (rsa)\debug\vc142.pdb
c:\users\vikas rao\desktop\cgv mini project (rsa)\debug\vc142.idb
c:\users\vikas rao\desktop\cgv mini project (rsa)\debug\winthread.obj
c:\users\vikas rao\desktop\cgv mini project (rsa)\debug\winbgi.obj
c:\users\vikas rao\desktop\cgv mini project (rsa)\debug\text.obj
c:\users\vikas rao\desktop\cgv mini project (rsa)\debug\source.obj
c:\users\vikas rao\desktop\cgv mini project (rsa)\debug\main.obj
c:\users\vikas rao\desktop\cgv mini project (rsa)\debug\misc.obj
c:\users\vikas rao\desktop\cgv mini project (rsa)\debug\file.obj
c:\users\vikas rao\desktop\cgv mini project (rsa)\debug\drawing.obj
c:\users\vikas rao\desktop\cgv mini project (rsa)\debug\dibutil.obj
c:\users\vikas rao\desktop\new - copy\debug\bgi.ilk
c:\users\vikas rao\desktop\new - copy\debug\bgi.exe
c:\users\vikas rao\desktop\new - copy\debug\bgi.pdb
c:\users\vikas rao\desktop\cgv mini project (rsa)\debug\bgi.exe
c:\users\vikas rao\desktop\cgv mini project (rsa)\debug\bgi.ilk
c:\users\vikas rao\desktop\cgv mini project (rsa)\debug\bgi.pdb
c:\users\vikas rao\desktop\projects\cgv\cgv mini project (rsa)\debug\dibutil.obj
c:\users\vikas rao\desktop\projects\cgv\cgv mini project (rsa)\debug\drawing.obj
c:\users\vikas rao\desktop\projects\cgv\cgv mini project (rsa)\debug\file.obj
c:\users\vikas rao\desktop\projects\cgv\cgv mini project (rsa)\debug\main.obj
c:\users\vikas rao\desktop\projects\cgv\cgv mini project (rsa)\debug\misc.obj
c:\users\vikas rao\desktop\projects\cgv\cgv mini project (rsa)\debug\source.obj
c:\users\vikas rao\desktop\projects\cgv\cgv mini project (rsa)\debug\text.obj
c:\users\vikas rao\desktop\projects\cgv\cgv mini project (rsa)\debug\winbgi.obj
c:\users\vikas rao\desktop\projects\cgv\cgv mini project (rsa)\debug\winthread.obj
c:\users\vikas rao\desktop\projects\cgv\cgv mini project (rsa)\debug\bgi.ilk
c:\users\vikas rao\desktop\projects\cgv\cgv mini project (rsa)\debug\vc142.idb
c:\users\vikas rao\desktop\projects\cgv\cgv mini project (rsa)\debug\bgi.pdb
c:\users\vikas rao\desktop\projects\cgv\cgv mini project (rsa)\debug\vc142.pdb
c:\users\vikas rao\desktop\projects\cgv\cgv mini project (rsa)\debug\bgi.exe
c:\users\vikas rao\desktop\projects\cgv\cgv mini project (rsa)\debug\bgi.tlog\cl.command.1.tlog
c:\users\vikas rao\desktop\projects\cgv\cgv mini project (rsa)\debug\bgi.tlog\cl.read.1.tlog
c:\users\vikas rao\desktop\projects\cgv\cgv mini project (rsa)\debug\bgi.tlog\cl.write.1.tlog
c:\users\vikas rao\desktop\projects\cgv\cgv mini project (rsa)\debug\bgi.tlog\link.command.1.tlog
c:\users\vikas rao\desktop\projects\cgv\cgv mini project (rsa)\debug\bgi.tlog\link.read.1.tlog
c:\users\vikas rao\desktop\projects\cgv\cgv mini project (rsa)\debug\bgi.tlog\link.write.1.tlog
